<?xml version="1.0" encoding="UTF-8" ?>
<testsuite failures="0" time="72.15" errors="0" skipped="0" tests="10" name="org.cs.basic.dao.TestUserDao">
  <properties>
[...]
</properties>
  <testcase time="4.859" classname="org.cs.basic.dao.TestUserDao" name="testLoad"/>
  <testcase time="5.137" classname="org.cs.basic.dao.TestUserDao" name="testDelete"/>
  <testcase time="4.564" classname="org.cs.basic.dao.TestUserDao" name="testListByArgs"/>
  <testcase time="4.401" classname="org.cs.basic.dao.TestUserDao" name="testListByArgsAndAlias"/>
  <testcase time="4.047" classname="org.cs.basic.dao.TestUserDao" name="testFindByArgs"/>
  <testcase time="4.961" classname="org.cs.basic.dao.TestUserDao" name="testFindByArgsAndAlias"/>
  <testcase time="6.8" classname="org.cs.basic.dao.TestUserDao" name="testListSQLByArgs"/>
  <testcase time="12.648" classname="org.cs.basic.dao.TestUserDao" name="testListSQLByArgsAndAlias"/>
  <testcase time="15.058" classname="org.cs.basic.dao.TestUserDao" name="testFindSQLByArgs"/>
  <testcase time="9.675" classname="org.cs.basic.dao.TestUserDao" name="testFindSQLByArgsAndAlias"/>
</testsuite>